This is pdfTeX, Version 3.141592653-2.6-1.40.24 (TeX Live 2022/Debian) (preloaded format=pdflatex 2025.11.2)  7 JUN 2026 14:09
entering extended mode
 restricted \write18 enabled.
 %&-line parsing enabled.
**Monografia.tex
(./Monografia.tex
LaTeX2e <2022-11-01> patch level 1
L3 programming layer <2023-01-16>
(/usr/share/texlive/texmf-dist/tex/latex/base/book.cls
Document Class: book 2022/07/02 v1.4n Standard LaTeX document class
(/usr/share/texlive/texmf-dist/tex/latex/base/bk12.clo
File: bk12.clo 2022/07/02 v1.4n Standard LaTeX file (size option)
)
\c@part=\count185
\c@chapter=\count186
\c@section=\count187
\c@subsection=\count188
\c@subsubsection=\count189
\c@paragraph=\count190
\c@subparagraph=\count191
\c@figure=\count192
\c@table=\count193
\abovecaptionskip=\skip48
\belowcaptionskip=\skip49
\bibindent=\dimen140
)
(/usr/share/texlive/texmf-dist/tex/latex/base/fontenc.sty
Package: fontenc 2021/04/29 v2.0v Standard LaTeX package
)
(/usr/share/texlive/texmf-dist/tex/latex/base/inputenc.sty
Package: inputenc 2021/02/14 v1.3d Input encoding file
\inpenc@prehook=\toks16
\inpenc@posthook=\toks17
)
(/usr/share/texlive/texmf-dist/tex/generic/babel/babel.sty
Package: babel 2022/12/26 3.84 The Babel package
\babel@savecnt=\count194
\U@D=\dimen141
\l@unhyphenated=\language8

(/usr/share/texlive/texmf-dist/tex/generic/babel/txtbabel.def)
\bbl@readstream=\read2
\bbl@dirlevel=\count195

(/usr/share/texlive/texmf-dist/tex/generic/babel-portuges/brazil.ldf
Language: portuges 2021/07/09 v1.2t Portuguese support from the babel system
Package babel Info: Hyphen rules for 'brazil' set to \l@portuguese
(babel)             (\language5). Reported on input line 111.
Package babel Info: Making " an active character on input line 143.
))
(/usr/share/texlive/texmf-dist/tex/latex/psnfss/times.sty
Package: times 2020/03/25 PSNFSS-v9.3 (SPQR)
)
(/usr/share/texlive/texmf-dist/tex/latex/amsmath/amsmath.sty
Package: amsmath 2022/04/08 v2.17n AMS math features
\@mathmargin=\skip50

For additional information on amsmath, use the `?' option.
(/usr/share/texlive/texmf-dist/tex/latex/amsmath/amstext.sty
Package: amstext 2021/08/26 v2.01 AMS text

(/usr/share/texlive/texmf-dist/tex/latex/amsmath/amsgen.sty
File: amsgen.sty 1999/11/30 v2.0 generic functions
\@emptytoks=\toks18
\ex@=\dimen142
))
(/usr/share/texlive/texmf-dist/tex/latex/amsmath/amsbsy.sty
Package: amsbsy 1999/11/29 v1.2d Bold Symbols
\pmbraise@=\dimen143
)
(/usr/share/texlive/texmf-dist/tex/latex/amsmath/amsopn.sty
Package: amsopn 2022/04/08 v2.04 operator names
)
\inf@bad=\count196
LaTeX Info: Redefining \frac on input line 234.
\uproot@=\count197
\leftroot@=\count198
LaTeX Info: Redefining \overline on input line 399.
LaTeX Info: Redefining \colon on input line 410.
\classnum@=\count199
\DOTSCASE@=\count266
LaTeX Info: Redefining \ldots on input line 496.
LaTeX Info: Redefining \dots on input line 499.
LaTeX Info: Redefining \cdots on input line 620.
\Mathstrutbox@=\box51
\strutbox@=\box52
LaTeX Info: Redefining \big on input line 722.
LaTeX Info: Redefining \Big on input line 723.
LaTeX Info: Redefining \bigg on input line 724.
LaTeX Info: Redefining \Bigg on input line 725.
\big@size=\dimen144
LaTeX Font Info:    Redeclaring font encoding OML on input line 743.
LaTeX Font Info:    Redeclaring font encoding OMS on input line 744.
\macc@depth=\count267
LaTeX Info: Redefining \bmod on input line 905.
LaTeX Info: Redefining \pmod on input line 910.
LaTeX Info: Redefining \smash on input line 940.
LaTeX Info: Redefining \relbar on input line 970.
LaTeX Info: Redefining \Relbar on input line 971.
\c@MaxMatrixCols=\count268
\dotsspace@=\muskip16
\c@parentequation=\count269
\dspbrk@lvl=\count270
\tag@help=\toks19
\row@=\count271
\column@=\count272
\maxfields@=\count273
\andhelp@=\toks20
\eqnshift@=\dimen145
\alignsep@=\dimen146
\tagshift@=\dimen147
\tagwidth@=\dimen148
\totwidth@=\dimen149
\lineht@=\dimen150
\@envbody=\toks21
\multlinegap=\skip51
\multlinetaggap=\skip52
\mathdisplay@stack=\toks22
LaTeX Info: Redefining \[ on input line 2953.
LaTeX Info: Redefining \] on input line 2954.
)
(/usr/share/texlive/texmf-dist/tex/latex/amsfonts/amsfonts.sty
Package: amsfonts 2013/01/14 v3.01 Basic AMSFonts support
\symAMSa=\mathgroup4
\symAMSb=\mathgroup5
LaTeX Font Info:    Redeclaring math symbol \hbar on input line 98.
LaTeX Font Info:    Overwriting math alphabet `\mathfrak' in version `bold'
(Font)                  U/euf/m/n --> U/euf/b/n on input line 106.
)
(/usr/share/texlive/texmf-dist/tex/latex/amscls/amsthm.sty
Package: amsthm 2020/05/29 v2.20.6
\thm@style=\toks23
\thm@bodyfont=\toks24
\thm@headfont=\toks25
\thm@notefont=\toks26
\thm@headpunct=\toks27
\thm@preskip=\skip53
\thm@postskip=\skip54
\thm@headsep=\skip55
\dth@everypar=\toks28
)
(/usr/share/texlive/texmf-dist/tex/latex/graphics/color.sty
Package: color 2022/01/06 v1.3d Standard LaTeX Color (DPC)

(/usr/share/texlive/texmf-dist/tex/latex/graphics-cfg/color.cfg
File: color.cfg 2016/01/02 v1.6 sample color configuration
)
Package color Info: Driver file: pdftex.def on input line 149.

(/usr/share/texlive/texmf-dist/tex/latex/graphics-def/pdftex.def
File: pdftex.def 2022/09/22 v1.2b Graphics/color driver for pdftex
)
(/usr/share/texlive/texmf-dist/tex/latex/graphics/mathcolor.ltx))
(/usr/share/texlive/texmf-dist/tex/latex/graphics/graphicx.sty
Package: graphicx 2021/09/16 v1.2d Enhanced LaTeX Graphics (DPC,SPQR)

(/usr/share/texlive/texmf-dist/tex/latex/graphics/keyval.sty
Package: keyval 2022/05/29 v1.15 key=value parser (DPC)
\KV@toks@=\toks29
)
(/usr/share/texlive/texmf-dist/tex/latex/graphics/graphics.sty
Package: graphics 2022/03/10 v1.4e Standard LaTeX Graphics (DPC,SPQR)

(/usr/share/texlive/texmf-dist/tex/latex/graphics/trig.sty
Package: trig 2021/08/11 v1.11 sin cos tan (DPC)
)
(/usr/share/texlive/texmf-dist/tex/latex/graphics-cfg/graphics.cfg
File: graphics.cfg 2016/06/04 v1.11 sample graphics configuration
)
Package graphics Info: Driver file: pdftex.def on input line 107.
)
\Gin@req@height=\dimen151
\Gin@req@width=\dimen152
)
(/usr/share/texlive/texmf-dist/tex/latex/float/float.sty
Package: float 2001/11/08 v1.3d Float enhancements (AL)
\c@float@type=\count274
\float@exts=\toks30
\float@box=\box53
\@float@everytoks=\toks31
\@floatcapt=\box54
) (./abntex2abrev.sty
(/usr/share/texlive/texmf-dist/tex/latex/base/ifthen.sty
Package: ifthen 2022/04/13 v1.1d Standard LaTeX ifthen package (DPC)
))
(/usr/share/texlive/texmf-dist/tex/latex/geometry/geometry.sty
Package: geometry 2020/01/02 v5.9 Page Geometry

(/usr/share/texlive/texmf-dist/tex/generic/iftex/ifvtex.sty
Package: ifvtex 2019/10/25 v1.7 ifvtex legacy package. Use iftex instead.

(/usr/share/texlive/texmf-dist/tex/generic/iftex/iftex.sty
Package: iftex 2022/02/03 v1.0f TeX engine tests
))
\Gm@cnth=\count275
\Gm@cntv=\count276
\c@Gm@tempcnt=\count277
\Gm@bindingoffset=\dimen153
\Gm@wd@mp=\dimen154
\Gm@odd@mp=\dimen155
\Gm@even@mp=\dimen156
\Gm@layoutwidth=\dimen157
\Gm@layoutheight=\dimen158
\Gm@layouthoffset=\dimen159
\Gm@layoutvoffset=\dimen160
\Gm@dimlist=\toks32
)
(/usr/share/texlive/texmf-dist/tex/latex/hyperref/hyperref.sty
Package: hyperref 2022-11-13 v7.00u Hypertext links for LaTeX

(/usr/share/texlive/texmf-dist/tex/generic/ltxcmds/ltxcmds.sty
Package: ltxcmds 2020-05-10 v1.25 LaTeX kernel commands for general use (HO)
)
(/usr/share/texlive/texmf-dist/tex/generic/pdftexcmds/pdftexcmds.sty
Package: pdftexcmds 2020-06-27 v0.33 Utility functions of pdfTeX for LuaTeX (HO
)

(/usr/share/texlive/texmf-dist/tex/generic/infwarerr/infwarerr.sty
Package: infwarerr 2019/12/03 v1.5 Providing info/warning/error messages (HO)
)
Package pdftexcmds Info: \pdf@primitive is available.
Package pdftexcmds Info: \pdf@ifprimitive is available.
Package pdftexcmds Info: \pdfdraftmode found.
)
(/usr/share/texlive/texmf-dist/tex/latex/kvsetkeys/kvsetkeys.sty
Package: kvsetkeys 2022-10-05 v1.19 Key value parser (HO)
)
(/usr/share/texlive/texmf-dist/tex/generic/kvdefinekeys/kvdefinekeys.sty
Package: kvdefinekeys 2019-12-19 v1.6 Define keys (HO)
)
(/usr/share/texlive/texmf-dist/tex/generic/pdfescape/pdfescape.sty
Package: pdfescape 2019/12/09 v1.15 Implements pdfTeX's escape features (HO)
)
(/usr/share/texlive/texmf-dist/tex/latex/hycolor/hycolor.sty
Package: hycolor 2020-01-27 v1.10 Color options for hyperref/bookmark (HO)
)
(/usr/share/texlive/texmf-dist/tex/latex/letltxmacro/letltxmacro.sty
Package: letltxmacro 2019/12/03 v1.6 Let assignment for LaTeX macros (HO)
)
(/usr/share/texlive/texmf-dist/tex/latex/auxhook/auxhook.sty
Package: auxhook 2019-12-17 v1.6 Hooks for auxiliary files (HO)
)
(/usr/share/texlive/texmf-dist/tex/latex/hyperref/nameref.sty
Package: nameref 2022-05-17 v2.50 Cross-referencing by name of section

(/usr/share/texlive/texmf-dist/tex/latex/refcount/refcount.sty
Package: refcount 2019/12/15 v3.6 Data extraction from label references (HO)
)
(/usr/share/texlive/texmf-dist/tex/generic/gettitlestring/gettitlestring.sty
Package: gettitlestring 2019/12/15 v1.6 Cleanup title references (HO)

(/usr/share/texlive/texmf-dist/tex/latex/kvoptions/kvoptions.sty
Package: kvoptions 2022-06-15 v3.15 Key value format for package options (HO)
))
\c@section@level=\count278
)
\@linkdim=\dimen161
\Hy@linkcounter=\count279
\Hy@pagecounter=\count280

(/usr/share/texlive/texmf-dist/tex/latex/hyperref/pd1enc.def
File: pd1enc.def 2022-11-13 v7.00u Hyperref: PDFDocEncoding definition (HO)
Now handling font encoding PD1 ...
... no UTF-8 mapping file for font encoding PD1
)
(/usr/share/texlive/texmf-dist/tex/generic/intcalc/intcalc.sty
Package: intcalc 2019/12/15 v1.3 Expandable calculations with integers (HO)
)
(/usr/share/texlive/texmf-dist/tex/generic/etexcmds/etexcmds.sty
Package: etexcmds 2019/12/15 v1.7 Avoid name clashes with e-TeX commands (HO)
)
\Hy@SavedSpaceFactor=\count281

(/usr/share/texlive/texmf-dist/tex/latex/hyperref/puenc.def
File: puenc.def 2022-11-13 v7.00u Hyperref: PDF Unicode definition (HO)
Now handling font encoding PU ...
... no UTF-8 mapping file for font encoding PU
)
Package hyperref Info: Hyper figures OFF on input line 4162.
Package hyperref Info: Link nesting OFF on input line 4167.
Package hyperref Info: Hyper index ON on input line 4170.
Package hyperref Info: Plain pages OFF on input line 4177.
Package hyperref Info: Backreferencing OFF on input line 4182.
Package hyperref Info: Implicit mode ON; LaTeX internals redefined.
Package hyperref Info: Bookmarks ON on input line 4410.
\c@Hy@tempcnt=\count282

(/usr/share/texlive/texmf-dist/tex/latex/url/url.sty
\Urlmuskip=\muskip17
Package: url 2013/09/16  ver 3.4  Verb mode for urls, etc.
)
LaTeX Info: Redefining \url on input line 4748.
\XeTeXLinkMargin=\dimen162

(/usr/share/texlive/texmf-dist/tex/generic/bitset/bitset.sty
Package: bitset 2019/12/09 v1.3 Handle bit-vector datatype (HO)

(/usr/share/texlive/texmf-dist/tex/generic/bigintcalc/bigintcalc.sty
Package: bigintcalc 2019/12/15 v1.5 Expandable calculations on big integers (HO
)
))
\Fld@menulength=\count283
\Field@Width=\dimen163
\Fld@charsize=\dimen164
Package hyperref Info: Hyper figures OFF on input line 6027.
Package hyperref Info: Link nesting OFF on input line 6032.
Package hyperref Info: Hyper index ON on input line 6035.
Package hyperref Info: backreferencing OFF on input line 6042.
Package hyperref Info: Link coloring OFF on input line 6047.
Package hyperref Info: Link coloring with OCG OFF on input line 6052.
Package hyperref Info: PDF/A mode OFF on input line 6057.

(/usr/share/texlive/texmf-dist/tex/latex/base/atbegshi-ltx.sty
Package: atbegshi-ltx 2021/01/10 v1.0c Emulation of the original atbegshi
package with kernel methods
)
\Hy@abspage=\count284
\c@Item=\count285
\c@Hfootnote=\count286
)
Package hyperref Info: Driver (autodetected): hpdftex.

(/usr/share/texlive/texmf-dist/tex/latex/hyperref/hpdftex.def
File: hpdftex.def 2022-11-13 v7.00u Hyperref driver for pdfTeX

(/usr/share/texlive/texmf-dist/tex/latex/base/atveryend-ltx.sty
Package: atveryend-ltx 2020/08/19 v1.0a Emulation of the original atveryend pac
kage
with kernel methods
)
\Fld@listcount=\count287
\c@bookmark@seq@number=\count288

(/usr/share/texlive/texmf-dist/tex/latex/rerunfilecheck/rerunfilecheck.sty
Package: rerunfilecheck 2022-07-10 v1.10 Rerun checks for auxiliary files (HO)

(/usr/share/texlive/texmf-dist/tex/generic/uniquecounter/uniquecounter.sty
Package: uniquecounter 2019/12/15 v1.4 Provide unlimited unique counter (HO)
)
Package uniquecounter Info: New unique counter `rerunfilecheck' on input line 2
85.
)
\Hy@SectionHShift=\skip56
)
(/usr/share/texlive/texmf-dist/tex/latex/xurl/xurl.sty
Package: xurl 2022/01/09 v 0.10 modify URL breaks
)
Package hyperref Info: Option `colorlinks' set `true' on input line 52.

(/usr/share/texlive/texmf-dist/tex/latex/enumitem/enumitem.sty
Package: enumitem 2019/06/20 v3.9 Customized lists
\labelindent=\skip57
\enit@outerparindent=\dimen165
\enit@toks=\toks33
\enit@inbox=\box55
\enit@count@id=\count289
\enitdp@description=\count290
)
LaTeX Font Info:    Trying to load font information for T1+ptm on input line 70
.

(/usr/share/texlive/texmf-dist/tex/latex/psnfss/t1ptm.fd
File: t1ptm.fd 2001/06/04 font definitions for T1/ptm.
)
(/usr/share/texlive/texmf-dist/tex/latex/l3backend/l3backend-pdftex.def
File: l3backend-pdftex.def 2023-01-16 L3 backend support: PDF output (pdfTeX)
\l__color_backend_stack_int=\count291
\l__pdf_internal_box=\box56
)
(./Monografia.aux (./Introducao/Introducao.aux)
(./DescricaoProcesso/revisao.aux) (./DescricaoProcesso/Humanidades.aux)
(./Metodologia/inicio.aux) (./Metodologia/cronograma.aux)
(./Metodologia/desenvolvimento.aux) (./Metodologia/teste.aux)
(./Resultados/Resultados.aux) (./Conclusao/Conclusao.aux)
(./Bibliografia/Bibliografia.aux) (./Apendices/cronogramas.aux)
(./Apendices/evidencias.aux) (./Apendices/testes.aux))
\openout1 = `Monografia.aux'.

LaTeX Font Info:    Checking defaults for OML/cmm/m/it on input line 70.
LaTeX Font Info:    ... okay on input line 70.
LaTeX Font Info:    Checking defaults for OMS/cmsy/m/n on input line 70.
LaTeX Font Info:    ... okay on input line 70.
LaTeX Font Info:    Checking defaults for OT1/cmr/m/n on input line 70.
LaTeX Font Info:    ... okay on input line 70.
LaTeX Font Info:    Checking defaults for T1/cmr/m/n on input line 70.
LaTeX Font Info:    ... okay on input line 70.
LaTeX Font Info:    Checking defaults for TS1/cmr/m/n on input line 70.
LaTeX Font Info:    ... okay on input line 70.
LaTeX Font Info:    Checking defaults for OMX/cmex/m/n on input line 70.
LaTeX Font Info:    ... okay on input line 70.
LaTeX Font Info:    Checking defaults for U/cmr/m/n on input line 70.
LaTeX Font Info:    ... okay on input line 70.
LaTeX Font Info:    Checking defaults for PD1/pdf/m/n on input line 70.
LaTeX Font Info:    ... okay on input line 70.
LaTeX Font Info:    Checking defaults for PU/pdf/m/n on input line 70.
LaTeX Font Info:    ... okay on input line 70.

(/usr/share/texlive/texmf-dist/tex/context/base/mkii/supp-pdf.mkii
[Loading MPS to PDF converter (version 2006.09.02).]
\scratchcounter=\count292
\scratchdimen=\dimen166
\scratchbox=\box57
\nofMPsegments=\count293
\nofMParguments=\count294
\everyMPshowfont=\toks34
\MPscratchCnt=\count295
\MPscratchDim=\dimen167
\MPnumerator=\count296
\makeMPintoPDFobject=\count297
\everyMPtoPDFconversion=\toks35
) (/usr/share/texlive/texmf-dist/tex/latex/epstopdf-pkg/epstopdf-base.sty
Package: epstopdf-base 2020-01-24 v2.11 Base part for package epstopdf
Package epstopdf-base Info: Redefining graphics rule for `.eps' on input line 4
85.

(/usr/share/texlive/texmf-dist/tex/latex/latexconfig/epstopdf-sys.cfg
File: epstopdf-sys.cfg 2010/07/13 v1.3 Configuration of (r)epstopdf for TeX Liv
e
))
*geometry* driver: auto-detecting
*geometry* detected driver: pdftex
*geometry* verbose mode - [ preamble ] result:
* driver: pdftex
* paper: a4paper
* layout: <same size as paper>
* layoutoffset:(h,v)=(0.0pt,0.0pt)
* modes: twoside
* h-part:(L,W,R)=(85.35826pt, 441.01773pt, 71.13188pt)
* v-part:(T,H,B)=(85.35826pt, 674.33032pt, 85.35826pt)
* \paperwidth=597.50787pt
* \paperheight=845.04684pt
* \textwidth=441.01773pt
* \textheight=674.33032pt
* \oddsidemargin=13.08827pt
* \evensidemargin=-1.1381pt
* \topmargin=-23.90028pt
* \headheight=19.91692pt
* \headsep=17.07164pt
* \topskip=12.0pt
* \footskip=19.91692pt
* \marginparwidth=88.0pt
* \marginparsep=7.0pt
* \columnsep=10.0pt
* \skip\footins=10.8pt plus 4.0pt minus 2.0pt
* \hoffset=0.0pt
* \voffset=0.0pt
* \mag=1000
* \@twocolumnfalse
* \@twosidetrue
* \@mparswitchtrue
* \@reversemarginfalse
* (1in=72.27pt=25.4mm, 1cm=28.453pt)

Package hyperref Info: Link coloring ON on input line 70.
(./Monografia.out) (./Monografia.out)
\@outlinefile=\write3
\openout3 = `Monografia.out'.

 (./Capa/capa.tex [1


{/var/lib/texmf/fonts/map/pdftex/updmap/pdftex.map}]) (./Resumo/Resumo.tex
LaTeX Font Info:    Trying to load font information for T1+pcr on input line 9.


(/usr/share/texlive/texmf-dist/tex/latex/psnfss/t1pcr.fd
File: t1pcr.fd 2001/06/04 font definitions for T1/pcr.
) [1])
(./TabelaConteudo/TabelaConteudo.tex (./Monografia.toc
LaTeX Font Info:    Trying to load font information for U+msa on input line 5.

(/usr/share/texlive/texmf-dist/tex/latex/amsfonts/umsa.fd
File: umsa.fd 2013/01/14 v3.01 AMS symbols A
)
LaTeX Font Info:    Trying to load font information for U+msb on input line 5.

(/usr/share/texlive/texmf-dist/tex/latex/amsfonts/umsb.fd
File: umsb.fd 2013/01/14 v3.01 AMS symbols B
) [2


] [3])
\tf@toc=\write4
\openout4 = `Monografia.toc'.

 [4])
(./ListaFiguras/ListaFiguras.tex (./Monografia.lof)
\tf@lof=\write5
\openout5 = `Monografia.lof'.

 [5


])
\openout2 = `Introducao/Introducao.aux'.


(./Introducao/Introducao.tex
Cap\'{\i }tulo 1.
LaTeX Font Info:    Trying to load font information for TS1+ptm on input line 1
1.
(/usr/share/texlive/texmf-dist/tex/latex/psnfss/ts1ptm.fd
File: ts1ptm.fd 2001/06/04 font definitions for TS1/ptm.
)
pdfTeX warning (ext4): destination with the same identifier (name{page.1}) has
been already used, duplicate ignored
<to be read again>
                   \relax
l.27
      [1



] [2] [3])
\openout2 = `DescricaoProcesso/revisao.aux'.

 (./DescricaoProcesso/revisao.tex
Underfull \hbox (badness 1072) in paragraph at lines 35--35
[]\T1/ptm/b/n/12 Flutter Dev-To-
 []


Underfull \hbox (badness 10000) in paragraph at lines 40--40
[]\T1/ptm/b/n/12 Perfetto
 []


Underfull \hbox (badness 10000) in paragraph at lines 41--41
[]\T1/ptm/m/n/12 Rastreamento de-ta-lhado
 []


Underfull \hbox (badness 1484) in paragraph at lines 45--45
[]\T1/ptm/b/n/12 Android Pro-fi-
 []


Underfull \hbox (badness 3525) in paragraph at lines 46--46
\T1/ptm/m/n/12 real de CPU, me-mÛ-ria,
 []


Underfull \hbox (badness 10000) in paragraph at lines 50--50
[]\T1/ptm/b/n/12 Xcode Ins-tru-
 []


Underfull \hbox (badness 10000) in paragraph at lines 52--53
[]\T1/ptm/m/n/12 Exclusivo ao ecos-sis-tema Ap-ple;
 []


Underfull \hbox (badness 3590) in paragraph at lines 52--53
\T1/ptm/m/n/12 co-leta ma-nual de da-dos; ele-vado
 []


Underfull \hbox (badness 10000) in paragraph at lines 55--55
[]\T1/ptm/b/n/12 Firebase Per-
 []


Underfull \hbox (badness 10000) in paragraph at lines 56--56
[]\T1/ptm/m/n/12 Monitoramento au-to-
 []


Underfull \hbox (badness 10000) in paragraph at lines 56--56
\T1/ptm/m/n/12 m·-tico de tem-pos de
 []

[4




] [5]) [6]
\openout2 = `DescricaoProcesso/Humanidades.aux'.

 (./DescricaoProcesso/Humanidades.tex
Cap\'{\i }tulo 2.
[7




] [8]) [9] [10]
\openout2 = `Metodologia/inicio.aux'.

 (./Metodologia/inicio.tex
Cap\'{\i }tulo 3.
[11




]
<../images/mermaid/outputs//ciclo_de_vida.png, id=602, 5093.0275pt x 2009.5075p
t>
File: ../images/mermaid/outputs//ciclo_de_vida.png Graphic file (type png)
<use ../images/mermaid/outputs//ciclo_de_vida.png>
Package pdftex.def Info: ../images/mermaid/outputs//ciclo_de_vida.png  used on
input line 67.
(pdftex.def)             Requested size: 418.96548pt x 165.30194pt.
 [12]
<../images/mermaid/outputs//metodologia_pesquisa.png, id=612, 5769.555pt x 1700
.3525pt>
File: ../images/mermaid/outputs//metodologia_pesquisa.png Graphic file (type pn
g)
<use ../images/mermaid/outputs//metodologia_pesquisa.png>
Package pdftex.def Info: ../images/mermaid/outputs//metodologia_pesquisa.png  u
sed on input line 76.
(pdftex.def)             Requested size: 418.96548pt x 123.47346pt.
 [13 <../images/mermaid/outputs//ciclo_de_vida.png (PNG copy)> <../images/merma
id/outputs//metodologia_pesquisa.png (PNG copy)>]) [14] [15]
\openout2 = `Metodologia/cronograma.aux'.


(./Metodologia/cronograma.tex) [16



]
\openout2 = `Metodologia/desenvolvimento.aux'.

 (./Metodologia/desenvolvimento.tex [17



]
<../images/mermaid/outputs//arquitetura_fluxo_collector.png, id=653, 6391.88pt
x 1722.435pt>
File: ../images/mermaid/outputs//arquitetura_fluxo_collector.png Graphic file (
type png)
<use ../images/mermaid/outputs//arquitetura_fluxo_collector.png>
Package pdftex.def Info: ../images/mermaid/outputs//arquitetura_fluxo_collector
.png  used on input line 63.
(pdftex.def)             Requested size: 418.96548pt x 112.88208pt.

[18 <../images/mermaid/outputs//arquitetura_fluxo_collector.png (PNG copy)>]
[19] [20] [21]
Underfull \hbox (badness 7504) in paragraph at lines 232--234
\T1/pcr/m/n/12 recordWidget-Rebuild()\T1/ptm/m/n/12 , \T1/pcr/m/n/12 recordNetw
ork() \T1/ptm/m/n/12 e \T1/pcr/m/n/12 recordFrameTiming()\T1/ptm/m/n/12 ,
 []

[22] [23]
<../images/figures//prototipoquandoestaok.jpeg, id=717, 740.7675pt x 1606.0pt>
File: ../images/figures//prototipoquandoestaok.jpeg Graphic file (type jpg)
<use ../images/figures//prototipoquandoestaok.jpeg>
Package pdftex.def Info: ../images/figures//prototipoquandoestaok.jpeg  used on
 input line 289.
(pdftex.def)             Requested size: 162.73198pt x 352.81552pt.
 [24]
<../images/figures//prototipoquandonaoestaok.jpeg, id=724, 740.7675pt x 1606.0p
t>
File: ../images/figures//prototipoquandonaoestaok.jpeg Graphic file (type jpg)
<use ../images/figures//prototipoquandonaoestaok.jpeg>
Package pdftex.def Info: ../images/figures//prototipoquandonaoestaok.jpeg  used
 on input line 298.
(pdftex.def)             Requested size: 162.73198pt x 352.81552pt.
 [25 <../images/figures//prototipoquandoestaok.jpeg>]
<../images/figures//iconedoappexamplo.jpeg, id=731, 318.18875pt x 338.26375pt>
File: ../images/figures//iconedoappexamplo.jpeg Graphic file (type jpg)
<use ../images/figures//iconedoappexamplo.jpeg>
Package pdftex.def Info: ../images/figures//iconedoappexamplo.jpeg  used on inp
ut line 307.
(pdftex.def)             Requested size: 124.45724pt x 132.30666pt.
 [26 <../images/figures//prototipoquandonaoestaok.jpeg> <../images/figures//ico
nedoappexamplo.jpeg>] [27] [28] [29] [30]) [31]
\openout2 = `Metodologia/teste.aux'.

 (./Metodologia/teste.tex
Underfull \hbox (badness 3396) in paragraph at lines 46--46
[]\T1/ptm/m/n/10.95 ReconstruÁıes de in-ter-
 []


Underfull \hbox (badness 10000) in paragraph at lines 50--50
[]\T1/ptm/m/n/10.95 AlocaÁ„o in-ten-siva de
 []


Underfull \hbox (badness 1320) in paragraph at lines 52--53
[]\T1/ptm/m/n/10.95 Simular com-por-ta-mento prÛ-ximo de
 []

[32



] [33] [34]) [35]
\openout2 = `Resultados/Resultados.aux'.

 (./Resultados/Resultados.tex
Cap\'{\i }tulo 4.

Underfull \hbox (badness 1675) in paragraph at lines 32--32
[]\T1/ptm/m/n/10.95 Monitoramento de uso de me-mÛ-ria
 []


Underfull \hbox (badness 4739) in paragraph at lines 38--38
[]\T1/ptm/m/n/10.95 Coleta de uso de CPU por pro-
 []


Underfull \hbox (badness 1132) in paragraph at lines 48--49
[]\T1/ptm/m/n/10.95 AtualizaÁ„o con-tÌ-nua do
 []


Underfull \hbox (badness 10000) in paragraph at lines 54--55
[]\T1/ptm/m/n/10.95 InspeÁ„o da suÌte em
 []

[36




] [37] [38]
Underfull \hbox (badness 10000) in paragraph at lines 120--120
[]\T1/ptm/m/n/10 ReconstruÁıes
 []


Underfull \hbox (badness 2547) in paragraph at lines 122--122
[]\T1/ptm/m/n/10 9 re-qui-si-Áıes HTTP, FPS
 []

File: ../images/figures//prototipoquandoestaok.jpeg Graphic file (type jpg)
<use ../images/figures//prototipoquandoestaok.jpeg>
Package pdftex.def Info: ../images/figures//prototipoquandoestaok.jpeg  used on
 input line 135.
(pdftex.def)             Requested size: 155.50925pt x 337.16516pt.
File: ../images/figures//prototipoquandonaoestaok.jpeg Graphic file (type jpg)
<use ../images/figures//prototipoquandonaoestaok.jpeg>
Package pdftex.def Info: ../images/figures//prototipoquandonaoestaok.jpeg  used
 on input line 140.
(pdftex.def)             Requested size: 155.50925pt x 337.16516pt.
[39] [40]
Underfull \hbox (badness 6461) in paragraph at lines 177--177
[]\T1/ptm/m/n/10.95 ReconstruÁıes in-
 []


Underfull \hbox (badness 3930) in paragraph at lines 181--181
[]\T1/ptm/m/n/10.95 AlocaÁ„o de me-
 []

[41]
Underfull \hbox (badness 3354) in paragraph at lines 204--204
[]\T1/ptm/m/n/10.95 PertinÍncia das re-co-
 []


Underfull \hbox (badness 10000) in paragraph at lines 204--204
[]\T1/ptm/m/n/10.95 Alertas emi-ti-dos pelo
 []


Underfull \hbox (badness 10000) in paragraph at lines 204--204
\T1/pcr/m/n/10.95 Recommender \T1/ptm/m/n/10.95 du-rante \T1/ptm/m/it/10.95 re-

 []


Underfull \hbox (badness 2617) in paragraph at lines 206--207
[]\T1/ptm/m/n/10.95 O pai-nel per-ma-ne-ceu ope-r·-vel
 []

[42]
Underfull \hbox (badness 1377) in paragraph at lines 253--254
\T1/ptm/m/n/12 em qua-tro ar-qui-vos: \T1/pcr/m/n/12 analyzer_test.dart\T1/ptm/
m/n/12 , \T1/pcr/m/n/12 recommender_test.dart\T1/ptm/m/n/12 ,
 []


Underfull \hbox (badness 1490) in paragraph at lines 253--254
\T1/pcr/m/n/12 export_service_test.dart \T1/ptm/m/n/12 e \T1/pcr/m/n/12 cpu_bat
tery_test.dart\T1/ptm/m/n/12 . Os tes-tes
 []

[43])
\openout2 = `Conclusao/Conclusao.aux'.

 (./Conclusao/Conclusao.tex
Cap\'{\i }tulo 5.
[44





]
Underfull \hbox (badness 1057) in paragraph at lines 51--52
[]\T1/ptm/b/n/12 Foco prin-ci-pal em An-droid: \T1/ptm/m/n/12 os tes-tes fun-ci
-o-nais fo-ram con-du-zi-dos em am-
 []


Underfull \hbox (badness 1810) in paragraph at lines 51--52
\T1/ptm/m/n/12 bi-ente An-droid, pla-ta-forma na qual os ca-nais na-ti-vos de C
PU e ba-te-ria fo-
 []

[45] [46])
\openout2 = `Bibliografia/Bibliografia.aux'.

 (./Bibliografia/Bibliografia.tex [47





] [48]) [49]
\openout2 = `Apendices/cronogramas.aux'.


(./Apendices/cronogramas.tex
Ap\^endice A.

Underfull \hbox (badness 10000) in paragraph at lines 23--23
[]\T1/ptm/m/n/10.95 Semanas 1--3
 []


Underfull \hbox (badness 7151) in paragraph at lines 23--24
[]\T1/ptm/m/n/10.95 Revis„o sis-te-m·-tica so-bre mo-ni-to-ra-
 []


Underfull \hbox (badness 10000) in paragraph at lines 27--27
[]\T1/ptm/m/n/10.95 Semanas 5--6
 []


Underfull \hbox (badness 3884) in paragraph at lines 31--31
[]\T1/ptm/m/n/10.95 Semana 10 (06
 []


Underfull \hbox (badness 2103) in paragraph at lines 31--31
[]\T1/ptm/m/n/10.95 Entrega do Do-cu-mento de
 []


Underfull \hbox (badness 10000) in paragraph at lines 33--33
[]\T1/ptm/m/n/10.95 Semanas 11--13
 []


Underfull \hbox (badness 10000) in paragraph at lines 35--35
[]\T1/ptm/m/n/10.95 Semanas 14--16
 []


Underfull \hbox (badness 3312) in paragraph at lines 35--35
[]\T1/ptm/m/n/10.95 RedaÁ„o da Mo-no-gra-fia e
 []


Underfull \hbox (badness 10000) in paragraph at lines 57--57
[]\T1/ptm/m/n/10.95 Semanas 1--3
 []


Underfull \hbox (badness 10000) in paragraph at lines 63--63
[]\T1/ptm/m/n/10.95 Semanas 10--12
 []


Underfull \hbox (badness 10000) in paragraph at lines 65--65
[]\T1/ptm/m/n/10.95 Semanas 13--15
 []


Underfull \hbox (badness 7925) in paragraph at lines 65--65
[]\T1/ptm/m/n/10.95 ConsolidaÁ„o, Do-cu-men-ta-
 []

) [50




] [51] [52]
\openout2 = `Apendices/evidencias.aux'.

 (./Apendices/evidencias.tex
Ap\^endice B.

Underfull \hbox (badness 10000) in paragraph at lines 16--16
[]\T1/ptm/b/n/10.95 Sinais do \T1/pcr/b/n/10.95 collector_
 []


Underfull \hbox (badness 6094) in paragraph at lines 16--17
[]\T1/ptm/b/n/10.95 Leituras com-ple-men-ta-res por
 []


Underfull \hbox (badness 10000) in paragraph at lines 18--18
[]\T1/ptm/m/n/10.95 ReconstruÁıes
 []


Underfull \hbox (badness 2181) in paragraph at lines 18--19
[]\T1/pcr/m/n/10.95 meminfo\T1/ptm/m/n/10.95 : RSS to-tal 199.208
 []


Underfull \hbox (badness 3088) in paragraph at lines 18--19
\T1/ptm/m/n/10.95 KB e PSS to-tal 113.674 KB.
 []


Underfull \hbox (badness 10000) in paragraph at lines 20--20
[]\T1/ptm/m/n/10.95 Chamadas de
 []


Underfull \hbox (badness 2181) in paragraph at lines 20--21
[]\T1/pcr/m/n/10.95 meminfo\T1/ptm/m/n/10.95 : RSS to-tal 213.380
 []


Underfull \hbox (badness 3088) in paragraph at lines 20--21
\T1/ptm/m/n/10.95 KB e PSS to-tal 126.599 KB.
 []


Underfull \hbox (badness 10000) in paragraph at lines 20--21
\T1/pcr/m/n/10.95 gfxinfo\T1/ptm/m/n/10.95 : su-per-fÌ-cie Flut-ter
 []


Underfull \hbox (badness 4505) in paragraph at lines 22--23
[]\T1/pcr/m/n/10.95 meminfo \T1/ptm/m/n/10.95 du-rante a alo-ca-Á„o:
 []


Underfull \hbox (badness 10000) in paragraph at lines 24--25
[]\T1/pcr/m/n/10.95 gfxinfo\T1/ptm/m/n/10.95 : su-per-fÌ-cie Flut-ter
 []


Underfull \hbox (badness 10000) in paragraph at lines 24--25
\T1/ptm/m/n/10.95 ativa, mas con-ta-do-res HWUI
 []


Underfull \hbox (badness 5064) in paragraph at lines 24--25
\T1/ptm/m/n/10.95 KB apÛs li-be-ra-Á„o par-cial da
 []

[53




]
<../images/figures//evidencia_cenario_rebuilds.png, id=950, 1084.05pt x 2409.0p
t>
File: ../images/figures//evidencia_cenario_rebuilds.png Graphic file (type png)

<use ../images/figures//evidencia_cenario_rebuilds.png>
Package pdftex.def Info: ../images/figures//evidencia_cenario_rebuilds.png  use
d on input line 34.
(pdftex.def)             Requested size: 248.83002pt x 552.9558pt.
<../images/figures//evidencia_cenario_rede.png, id=952, 1084.05pt x 2409.0pt>
File: ../images/figures//evidencia_cenario_rede.png Graphic file (type png)
<use ../images/figures//evidencia_cenario_rede.png>
Package pdftex.def Info: ../images/figures//evidencia_cenario_rede.png  used on
 input line 41.
(pdftex.def)             Requested size: 248.83002pt x 552.9558pt.
<../images/figures//evidencia_cenario_memoria.png, id=953, 1084.05pt x 2409.0pt
>
File: ../images/figures//evidencia_cenario_memoria.png Graphic file (type png)
<use ../images/figures//evidencia_cenario_memoria.png>
Package pdftex.def Info: ../images/figures//evidencia_cenario_memoria.png  used
 on input line 48.
(pdftex.def)             Requested size: 248.83002pt x 552.9558pt.
<../images/figures//evidencia_cenario_combinado.png, id=954, 1084.05pt x 2409.0
pt>
File: ../images/figures//evidencia_cenario_combinado.png Graphic file (type png
)
<use ../images/figures//evidencia_cenario_combinado.png>
Package pdftex.def Info: ../images/figures//evidencia_cenario_combinado.png  us
ed on input line 55.
(pdftex.def)             Requested size: 248.83002pt x 552.9558pt.
) [54] [55 <../images/figures//evidencia_cenario_rebuilds.png>] [56 <../images/
figures//evidencia_cenario_rede.png>] [57 <../images/figures//evidencia_cenario
_memoria.png>] [58 <../images/figures//evidencia_cenario_combinado.png>]
\openout2 = `Apendices/testes.aux'.


(./Apendices/testes.tex
Ap\^endice C.
[59




] [60]
Underfull \hbox (badness 1748) in paragraph at lines 84--85
[]\T1/ptm/m/n/12 Gera re-co-men-da-Á„o de per-for-mance quando FPS È me-nor que
 40 em modo
 []

) [61] (./Monografia.aux (./Introducao/Introducao.aux)
(./DescricaoProcesso/revisao.aux) (./DescricaoProcesso/Humanidades.aux)
(./Metodologia/inicio.aux) (./Metodologia/cronograma.aux)
(./Metodologia/desenvolvimento.aux) (./Metodologia/teste.aux)
(./Resultados/Resultados.aux) (./Conclusao/Conclusao.aux)
(./Bibliografia/Bibliografia.aux) (./Apendices/cronogramas.aux)
(./Apendices/evidencias.aux) (./Apendices/testes.aux))
Package rerunfilecheck Info: File `Monografia.out' has not changed.
(rerunfilecheck)             Checksum: E5C3494669EA49FA6B56F2A0565BB9F0;17615.
 )
Here is how much of TeX's memory you used:
 12496 strings out of 477958
 207344 string characters out of 5838580
 1877330 words of memory out of 5000000
 31986 multiletter control sequences out of 15000+600000
 568834 words of font info for 106 fonts, out of 8000000 for 9000
 61 hyphenation exceptions out of 8191
 75i,11n,76p,915b,670s stack positions out of 10000i,1000n,20000p,200000b,200000s
{/usr/share/texlive/texmf-dist/fonts/enc/dvips/base/8r.enc}</usr/share/texliv
e/texmf-dist/fonts/type1/urw/courier/ucrb8a.pfb></usr/share/texlive/texmf-dist/
fonts/type1/urw/courier/ucrr8a.pfb></usr/share/texlive/texmf-dist/fonts/type1/u
rw/times/utmb8a.pfb></usr/share/texlive/texmf-dist/fonts/type1/urw/times/utmbi8
a.pfb></usr/share/texlive/texmf-dist/fonts/type1/urw/times/utmr8a.pfb></usr/sha
re/texlive/texmf-dist/fonts/type1/urw/times/utmr8a.pfb></usr/share/texlive/texm
f-dist/fonts/type1/urw/times/utmri8a.pfb>
Output written on Monografia.pdf (67 pages, 3148831 bytes).
PDF statistics:
 1157 PDF objects out of 1200 (max. 8388607)
 1049 compressed objects within 11 object streams
 317 named destinations out of 1000 (max. 500000)
 715 words of extra memory for PDF output out of 10000 (max. 10000000)

