\BOOKMARK [0][-]{Doc-Start}{\376\377\000R\000e\000s\000u\000m\000o}{}% 1
\BOOKMARK [0][-]{chapter*.2}{\376\377\000L\000i\000s\000t\000a\000\040\000d\000e\000\040\000F\000i\000g\000u\000r\000a\000s}{}% 2
\BOOKMARK [0][-]{chapter.1}{\376\377\000I\000n\000t\000r\000o\000d\000u\000\347\000\343\000o}{}% 3
\BOOKMARK [1][-]{section.1.1}{\376\377\000P\000r\000o\000p\000\363\000s\000i\000t\000o}{chapter.1}% 4
\BOOKMARK [1][-]{section.1.2}{\376\377\000P\000\372\000b\000l\000i\000c\000o\000-\000A\000l\000v\000o}{chapter.1}% 5
\BOOKMARK [1][-]{section.1.3}{\376\377\000M\000o\000t\000i\000v\000a\000\347\000\343\000o\000\040\000e\000\040\000J\000u\000s\000t\000i\000f\000i\000c\000a\000t\000i\000v\000a}{chapter.1}% 6
\BOOKMARK [1][-]{section.1.4}{\376\377\000O\000b\000j\000e\000t\000i\000v\000o\000s}{chapter.1}% 7
\BOOKMARK [1][-]{section.1.5}{\376\377\000V\000i\000s\000\343\000o\000\040\000G\000e\000r\000a\000l\000\040\000d\000o\000\040\000D\000o\000c\000u\000m\000e\000n\000t\000o}{chapter.1}% 8
\BOOKMARK [1][-]{section.1.6}{\376\377\000R\000e\000v\000i\000s\000\343\000o\000\040\000B\000i\000b\000l\000i\000o\000g\000r\000\341\000f\000i\000c\000a}{chapter.1}% 9
\BOOKMARK [0][-]{chapter.2}{\376\377\000C\000o\000n\000t\000e\000x\000t\000o\000\040\000S\000o\000c\000i\000a\000l\000,\000\040\000A\000m\000b\000i\000e\000n\000t\000a\000l\000\040\000e\000\040\000\311\000t\000i\000c\000o}{}% 10
\BOOKMARK [1][-]{section.2.1}{\376\377\000I\000m\000p\000a\000c\000t\000o\000s\000\040\000S\000o\000c\000i\000o\000e\000c\000o\000n\000\364\000m\000i\000c\000o\000s}{chapter.2}% 11
\BOOKMARK [1][-]{section.2.2}{\376\377\000I\000m\000p\000a\000c\000t\000o\000s\000\040\000S\000o\000c\000i\000a\000i\000s\000\040\000e\000\040\000I\000n\000c\000l\000u\000s\000\343\000o\000\040\000D\000i\000g\000i\000t\000a\000l}{chapter.2}% 12
\BOOKMARK [1][-]{section.2.3}{\376\377\000I\000m\000p\000a\000c\000t\000o\000s\000\040\000A\000m\000b\000i\000e\000n\000t\000a\000i\000s\000\040\000e\000\040\000E\000f\000i\000c\000i\000\352\000n\000c\000i\000a\000\040\000C\000o\000m\000p\000u\000t\000a\000c\000i\000o\000n\000a\000l}{chapter.2}% 13
\BOOKMARK [1][-]{section.2.4}{\376\377\000A\000s\000p\000e\000c\000t\000o\000s\000\040\000\311\000t\000i\000c\000o\000s\000\040\000n\000o\000\040\000M\000o\000n\000i\000t\000o\000r\000a\000m\000e\000n\000t\000o\000\040\000d\000e\000\040\000A\000p\000l\000i\000c\000a\000\347\000\365\000e\000s}{chapter.2}% 14
\BOOKMARK [1][-]{section.2.5}{\376\377\000R\000e\000s\000p\000o\000n\000s\000a\000b\000i\000l\000i\000d\000a\000d\000e\000\040\000T\000e\000c\000n\000o\000l\000\363\000g\000i\000c\000a\000\040\000n\000o\000\040\000D\000e\000s\000e\000n\000v\000o\000l\000v\000i\000m\000e\000n\000t\000o\000\040\000d\000e\000\040\000S\000o\000f\000t\000w\000a\000r\000e}{chapter.2}% 15
\BOOKMARK [1][-]{section.2.6}{\376\377\000S\000\355\000n\000t\000e\000s\000e}{chapter.2}% 16
\BOOKMARK [0][-]{chapter.3}{\376\377\000M\000e\000t\000o\000d\000o\000l\000o\000g\000i\000a\000\040\000e\000\040\000D\000e\000s\000e\000n\000v\000o\000l\000v\000i\000m\000e\000n\000t\000o}{}% 17
\BOOKMARK [1][-]{section.3.1}{\376\377\000A\000b\000o\000r\000d\000a\000g\000e\000m\000\040\000M\000e\000t\000o\000d\000o\000l\000\363\000g\000i\000c\000a}{chapter.3}% 18
\BOOKMARK [2][-]{subsection.3.1.1}{\376\377\000N\000a\000t\000u\000r\000e\000z\000a\000\040\000d\000a\000\040\000P\000e\000s\000q\000u\000i\000s\000a}{section.3.1}% 19
\BOOKMARK [2][-]{subsection.3.1.2}{\376\377\000O\000b\000j\000e\000t\000i\000v\000o\000s\000\040\000d\000a\000\040\000A\000b\000o\000r\000d\000a\000g\000e\000m}{section.3.1}% 20
\BOOKMARK [2][-]{subsection.3.1.3}{\376\377\000J\000u\000s\000t\000i\000f\000i\000c\000a\000t\000i\000v\000a\000\040\000d\000a\000\040\000E\000s\000c\000o\000l\000h\000a\000\040\000M\000e\000t\000o\000d\000o\000l\000\363\000g\000i\000c\000a}{section.3.1}% 21
\BOOKMARK [2][-]{subsection.3.1.4}{\376\377\000C\000i\000c\000l\000o\000\040\000d\000e\000\040\000V\000i\000d\000a\000\040\000d\000a\000\040\000P\000e\000s\000q\000u\000i\000s\000a\000\040\000e\000\040\000d\000o\000\040\000D\000e\000s\000e\000n\000v\000o\000l\000v\000i\000m\000e\000n\000t\000o}{section.3.1}% 22
\BOOKMARK [1][-]{section.3.2}{\376\377\000E\000t\000a\000p\000a\000s\000\040\000d\000e\000\040\000D\000e\000s\000e\000n\000v\000o\000l\000v\000i\000m\000e\000n\000t\000o}{chapter.3}% 23
\BOOKMARK [2][-]{subsection.3.2.1}{\376\377\000F\000a\000s\000e\000\040\0001\000\040\040\023\000\040\000R\000e\000v\000i\000s\000\343\000o\000\040\000B\000i\000b\000l\000i\000o\000g\000r\000\341\000f\000i\000c\000a\000\040\000e\000\040\000F\000u\000n\000d\000a\000m\000e\000n\000t\000a\000\347\000\343\000o\000\040\000T\000e\000\363\000r\000i\000c\000a}{section.3.2}% 24
\BOOKMARK [2][-]{subsection.3.2.2}{\376\377\000F\000a\000s\000e\000\040\0002\000\040\040\023\000\040\000L\000e\000v\000a\000n\000t\000a\000m\000e\000n\000t\000o\000\040\000d\000e\000\040\000R\000e\000q\000u\000i\000s\000i\000t\000o\000s\000\040\000e\000\040\000E\000s\000p\000e\000c\000i\000f\000i\000c\000a\000\347\000\343\000o}{section.3.2}% 25
\BOOKMARK [2][-]{subsection.3.2.3}{\376\377\000F\000a\000s\000e\000\040\0003\000\040\040\023\000\040\000P\000r\000o\000j\000e\000t\000o\000\040\000e\000\040\000I\000m\000p\000l\000e\000m\000e\000n\000t\000a\000\347\000\343\000o\000\040\000d\000o\000\040\000P\000a\000c\000o\000t\000e}{section.3.2}% 26
\BOOKMARK [2][-]{subsection.3.2.4}{\376\377\000F\000a\000s\000e\000\040\0004\000\040\040\023\000\040\000A\000v\000a\000l\000i\000a\000\347\000\343\000o\000\040\000E\000x\000p\000e\000r\000i\000m\000e\000n\000t\000a\000l\000\040\000e\000\040\000V\000a\000l\000i\000d\000a\000\347\000\343\000o}{section.3.2}% 27
\BOOKMARK [1][-]{section.3.3}{\376\377\000D\000e\000s\000c\000r\000i\000\347\000\343\000o\000\040\000d\000o\000\040\000P\000a\000c\000o\000t\000e\000\040\000e\000\040\000A\000r\000q\000u\000i\000t\000e\000t\000u\000r\000a\000\040\000d\000a\000\040\000S\000o\000l\000u\000\347\000\343\000o}{chapter.3}% 28
\BOOKMARK [2][-]{subsection.3.3.1}{\376\377\000C\000o\000n\000c\000e\000p\000\347\000\343\000o\000\040\000e\000\040\000P\000r\000e\000m\000i\000s\000s\000a\000s\000\040\000d\000e\000\040\000P\000r\000o\000j\000e\000t\000o}{section.3.3}% 29
\BOOKMARK [2][-]{subsection.3.3.2}{\376\377\000A\000r\000q\000u\000i\000t\000e\000t\000u\000r\000a\000\040\000G\000e\000r\000a\000l\000\040\000d\000o\000\040\000S\000i\000s\000t\000e\000m\000a}{section.3.3}% 30
\BOOKMARK [2][-]{subsection.3.3.3}{\376\377\000C\000o\000m\000p\000o\000n\000e\000n\000t\000e\000s\000\040\000P\000r\000i\000n\000c\000i\000p\000a\000i\000s}{section.3.3}% 31
\BOOKMARK [2][-]{subsection.3.3.4}{\376\377\000I\000n\000t\000e\000r\000f\000a\000c\000e\000\040\000e\000\040\000P\000a\000i\000n\000e\000l\000\040\000d\000e\000\040\000V\000i\000s\000u\000a\000l\000i\000z\000a\000\347\000\343\000o}{section.3.3}% 32
\BOOKMARK [2][-]{subsection.3.3.5}{\376\377\000R\000e\000g\000r\000a\000s\000\040\000d\000e\000\040\000R\000e\000c\000o\000m\000e\000n\000d\000a\000\347\000\343\000o}{section.3.3}% 33
\BOOKMARK [2][-]{subsection.3.3.6}{\376\377\000D\000e\000m\000o\000n\000s\000t\000r\000a\000\347\000\343\000o\000\040\000P\000r\000\341\000t\000i\000c\000a\000\040\000e\000\040\000D\000i\000s\000p\000o\000n\000i\000b\000i\000l\000i\000z\000a\000\347\000\343\000o\000\040\000d\000o\000\040\000C\000\363\000d\000i\000g\000o\000-\000F\000o\000n\000t\000e}{section.3.3}% 34
\BOOKMARK [1][-]{section.3.4}{\376\377\000C\000r\000i\000t\000\351\000r\000i\000o\000s\000\040\000d\000e\000\040\000A\000v\000a\000l\000i\000a\000\347\000\343\000o}{chapter.3}% 35
\BOOKMARK [2][-]{subsection.3.4.1}{\376\377\000C\000o\000e\000r\000\352\000n\000c\000i\000a\000\040\000d\000a\000s\000\040\000M\000\351\000t\000r\000i\000c\000a\000s\000\040\000C\000o\000l\000e\000t\000a\000d\000a\000s}{section.3.4}% 36
\BOOKMARK [2][-]{subsection.3.4.2}{\376\377\000O\000v\000e\000r\000h\000e\000a\000d\000\040\000I\000n\000t\000r\000o\000d\000u\000z\000i\000d\000o\000\040\000p\000e\000l\000o\000\040\000S\000i\000s\000t\000e\000m\000a}{section.3.4}% 37
\BOOKMARK [2][-]{subsection.3.4.3}{\376\377\000E\000f\000i\000c\000\341\000c\000i\000a\000\040\000d\000a\000s\000\040\000R\000e\000c\000o\000m\000e\000n\000d\000a\000\347\000\365\000e\000s\000\040\000G\000e\000r\000a\000d\000a\000s}{section.3.4}% 38
\BOOKMARK [2][-]{subsection.3.4.4}{\376\377\000C\000l\000a\000r\000e\000z\000a\000\040\000d\000a\000\040\000I\000n\000t\000e\000r\000f\000a\000c\000e}{section.3.4}% 39
\BOOKMARK [1][-]{section.3.5}{\376\377\000F\000e\000r\000r\000a\000m\000e\000n\000t\000a\000s\000\040\000e\000\040\000A\000m\000b\000i\000e\000n\000t\000e\000s\000\040\000d\000e\000\040\000D\000e\000s\000e\000n\000v\000o\000l\000v\000i\000m\000e\000n\000t\000o}{chapter.3}% 40
\BOOKMARK [2][-]{subsection.3.5.1}{\376\377\000A\000m\000b\000i\000e\000n\000t\000e\000s\000\040\000d\000e\000\040\000P\000r\000o\000g\000r\000a\000m\000a\000\347\000\343\000o\000\040\000e\000\040\000I\000D\000E\000s}{section.3.5}% 41
\BOOKMARK [2][-]{subsection.3.5.2}{\376\377\000S\000D\000K\000s\000\040\000e\000\040\000D\000e\000p\000e\000n\000d\000\352\000n\000c\000i\000a\000s\000\040\000U\000t\000i\000l\000i\000z\000a\000d\000a\000s}{section.3.5}% 42
\BOOKMARK [2][-]{subsection.3.5.3}{\376\377\000A\000m\000b\000i\000e\000n\000t\000e\000s\000\040\000d\000e\000\040\000T\000e\000s\000t\000e\000\040\000e\000\040\000D\000i\000s\000p\000o\000s\000i\000t\000i\000v\000o\000s}{section.3.5}% 43
\BOOKMARK [2][-]{subsection.3.5.4}{\376\377\000F\000e\000r\000r\000a\000m\000e\000n\000t\000a\000s\000\040\000d\000e\000\040\000R\000e\000f\000e\000r\000\352\000n\000c\000i\000a\000\040\000e\000\040\000V\000a\000l\000i\000d\000a\000\347\000\343\000o}{section.3.5}% 44
\BOOKMARK [2][-]{subsection.3.5.5}{\376\377\000F\000r\000a\000m\000e\000w\000o\000r\000k\000s\000\040\000e\000\040\000B\000i\000b\000l\000i\000o\000t\000e\000c\000a\000s\000\040\000d\000e\000\040\000A\000p\000o\000i\000o}{section.3.5}% 45
\BOOKMARK [2][-]{subsection.3.5.6}{\376\377\000A\000m\000b\000i\000e\000n\000t\000e\000s\000\040\000d\000e\000\040\000T\000e\000s\000t\000e\000s\000\040\000A\000u\000t\000o\000m\000a\000t\000i\000z\000a\000d\000o\000s}{section.3.5}% 46
\BOOKMARK [1][-]{section.3.6}{\376\377\000P\000r\000o\000c\000e\000d\000i\000m\000e\000n\000t\000o\000s\000\040\000d\000e\000\040\000T\000e\000s\000t\000e\000\040\000e\000\040\000C\000o\000l\000e\000t\000a\000\040\000d\000e\000\040\000D\000a\000d\000o\000s}{chapter.3}% 47
\BOOKMARK [2][-]{subsection.3.6.1}{\376\377\000P\000r\000o\000c\000e\000d\000i\000m\000e\000n\000t\000o\000\040\000d\000e\000\040\000E\000x\000e\000c\000u\000\347\000\343\000o\000\040\000d\000o\000s\000\040\000T\000e\000s\000t\000e\000s}{section.3.6}% 48
\BOOKMARK [2][-]{subsection.3.6.2}{\376\377\000D\000e\000f\000i\000n\000i\000\347\000\343\000o\000\040\000d\000o\000s\000\040\000C\000e\000n\000\341\000r\000i\000o\000s\000\040\000E\000x\000p\000e\000r\000i\000m\000e\000n\000t\000a\000i\000s}{section.3.6}% 49
\BOOKMARK [2][-]{subsection.3.6.3}{\376\377\000C\000o\000l\000e\000t\000a\000\040\000d\000e\000\040\000M\000\351\000t\000r\000i\000c\000a\000s}{section.3.6}% 50
\BOOKMARK [2][-]{subsection.3.6.4}{\376\377\000M\000\351\000t\000o\000d\000o\000s\000\040\000d\000e\000\040\000C\000o\000m\000p\000a\000r\000a\000\347\000\343\000o}{section.3.6}% 51
\BOOKMARK [2][-]{subsection.3.6.5}{\376\377\000A\000n\000\341\000l\000i\000s\000e\000\040\000d\000o\000s\000\040\000R\000e\000s\000u\000l\000t\000a\000d\000o\000s}{section.3.6}% 52
\BOOKMARK [2][-]{subsection.3.6.6}{\376\377\000C\000o\000n\000t\000r\000o\000l\000e\000\040\000E\000x\000p\000e\000r\000i\000m\000e\000n\000t\000a\000l\000\040\000e\000\040\000R\000e\000p\000r\000o\000d\000u\000t\000i\000b\000i\000l\000i\000d\000a\000d\000e}{section.3.6}% 53
\BOOKMARK [0][-]{chapter.4}{\376\377\000R\000e\000s\000u\000l\000t\000a\000d\000o\000s\000\040\000e\000\040\000D\000i\000s\000c\000u\000s\000s\000\343\000o}{}% 54
\BOOKMARK [1][-]{section.4.1}{\376\377\000D\000e\000s\000e\000n\000v\000o\000l\000v\000i\000m\000e\000n\000t\000o\000\040\000d\000o\000\040\000P\000a\000c\000o\000t\000e}{chapter.4}% 55
\BOOKMARK [2][-]{subsection.4.1.1}{\376\377\000M\000\363\000d\000u\000l\000o\000s\000\040\000I\000m\000p\000l\000e\000m\000e\000n\000t\000a\000d\000o\000s}{section.4.1}% 56
\BOOKMARK [2][-]{subsection.4.1.2}{\376\377\000E\000s\000t\000r\000u\000t\000u\000r\000a\000\040\000d\000a\000\040\000B\000i\000b\000l\000i\000o\000t\000e\000c\000a}{section.4.1}% 57
\BOOKMARK [1][-]{section.4.2}{\376\377\000V\000a\000l\000i\000d\000a\000\347\000\343\000o\000\040\000d\000a\000\040\000A\000r\000q\000u\000i\000t\000e\000t\000u\000r\000a}{chapter.4}% 58
\BOOKMARK [2][-]{subsection.4.2.1}{\376\377\000C\000o\000n\000f\000o\000r\000m\000i\000d\000a\000d\000e\000\040\000A\000r\000q\000u\000i\000t\000e\000t\000u\000r\000a\000l}{section.4.2}% 59
\BOOKMARK [2][-]{subsection.4.2.2}{\376\377\000C\000o\000m\000p\000o\000r\000t\000a\000m\000e\000n\000t\000o\000\040\000O\000b\000s\000e\000r\000v\000a\000d\000o\000\040\000e\000m\000\040\000E\000x\000e\000c\000u\000\347\000\343\000o}{section.4.2}% 60
\BOOKMARK [1][-]{section.4.3}{\376\377\000A\000n\000\341\000l\000i\000s\000e\000\040\000d\000o\000s\000\040\000C\000e\000n\000\341\000r\000i\000o\000s\000\040\000E\000x\000p\000e\000r\000i\000m\000e\000n\000t\000a\000i\000s}{chapter.4}% 61
\BOOKMARK [2][-]{subsection.4.3.1}{\376\377\000C\000e\000n\000\341\000r\000i\000o\000\040\0001\000:\000\040\000R\000e\000c\000o\000n\000s\000t\000r\000u\000\347\000\365\000e\000s\000\040\000I\000n\000t\000e\000n\000s\000i\000v\000a\000s\000\040\000d\000e\000\040\000I\000n\000t\000e\000r\000f\000a\000c\000e}{section.4.3}% 62
\BOOKMARK [2][-]{subsection.4.3.2}{\376\377\000C\000e\000n\000\341\000r\000i\000o\000\040\0002\000:\000\040\000C\000h\000a\000m\000a\000d\000a\000s\000\040\000d\000e\000\040\000R\000e\000d\000e\000\040\000S\000i\000m\000u\000l\000t\000\342\000n\000e\000a\000s}{section.4.3}% 63
\BOOKMARK [2][-]{subsection.4.3.3}{\376\377\000C\000e\000n\000\341\000r\000i\000o\000\040\0003\000:\000\040\000A\000l\000o\000c\000a\000\347\000\343\000o\000\040\000I\000n\000t\000e\000n\000s\000i\000v\000a\000\040\000d\000e\000\040\000M\000e\000m\000\363\000r\000i\000a}{section.4.3}% 64
\BOOKMARK [2][-]{subsection.4.3.4}{\376\377\000C\000e\000n\000\341\000r\000i\000o\000\040\0004\000:\000\040\000C\000a\000r\000g\000a\000\040\000C\000o\000m\000b\000i\000n\000a\000d\000a}{section.4.3}% 65
\BOOKMARK [2][-]{subsection.4.3.5}{\376\377\000C\000o\000m\000p\000a\000r\000a\000\347\000\343\000o\000\040\000Q\000u\000a\000l\000i\000t\000a\000t\000i\000v\000a\000\040\000c\000o\000m\000\040\000A\000D\000B}{section.4.3}% 66
\BOOKMARK [2][-]{subsection.4.3.6}{\376\377\000E\000v\000i\000d\000\352\000n\000c\000i\000a\000s\000\040\000C\000o\000m\000p\000l\000e\000m\000e\000n\000t\000a\000r\000e\000s\000\040\000d\000a\000\040\000V\000a\000l\000i\000d\000a\000\347\000\343\000o}{section.4.3}% 67
\BOOKMARK [1][-]{section.4.4}{\376\377\000E\000v\000o\000l\000u\000\347\000\343\000o\000\040\000d\000o\000\040\000P\000a\000c\000o\000t\000e\000:\000\040\000L\000i\000m\000i\000t\000a\000\347\000\365\000e\000s\000\040\000S\000u\000p\000e\000r\000a\000d\000a\000s}{chapter.4}% 68
\BOOKMARK [1][-]{section.4.5}{\376\377\000R\000e\000s\000u\000m\000o\000\040\000d\000o\000\040\000C\000a\000p\000\355\000t\000u\000l\000o}{chapter.4}% 69
\BOOKMARK [0][-]{chapter.5}{\376\377\000C\000o\000n\000c\000l\000u\000s\000\365\000e\000s}{}% 70
\BOOKMARK [1][-]{section.5.1}{\376\377\000C\000o\000n\000s\000i\000d\000e\000r\000a\000\347\000\365\000e\000s\000\040\000F\000i\000n\000a\000i\000s}{chapter.5}% 71
\BOOKMARK [1][-]{section.5.2}{\376\377\000C\000o\000n\000t\000r\000i\000b\000u\000i\000\347\000\365\000e\000s\000\040\000d\000o\000\040\000T\000r\000a\000b\000a\000l\000h\000o}{chapter.5}% 72
\BOOKMARK [1][-]{section.5.3}{\376\377\000L\000i\000m\000i\000t\000a\000\347\000\365\000e\000s\000\040\000d\000o\000\040\000E\000s\000t\000u\000d\000o}{chapter.5}% 73
\BOOKMARK [1][-]{section.5.4}{\376\377\000T\000r\000a\000b\000a\000l\000h\000o\000s\000\040\000F\000u\000t\000u\000r\000o\000s}{chapter.5}% 74
\BOOKMARK [0][-]{appendix.A}{\376\377\000C\000r\000o\000n\000o\000g\000r\000a\000m\000a\000s\000\040\000d\000o\000\040\000T\000r\000a\000b\000a\000l\000h\000o}{}% 75
\BOOKMARK [1][-]{section.A.1}{\376\377\000C\000r\000o\000n\000o\000g\000r\000a\000m\000a\000\040\000d\000o\000\040\000T\000C\000C\000\040\0001}{appendix.A}% 76
\BOOKMARK [1][-]{section.A.2}{\376\377\000C\000r\000o\000n\000o\000g\000r\000a\000m\000a\000\040\000d\000o\000\040\000T\000C\000C\000\040\0002}{appendix.A}% 77
\BOOKMARK [0][-]{appendix.B}{\376\377\000E\000v\000i\000d\000\352\000n\000c\000i\000a\000s\000\040\000V\000i\000s\000u\000a\000i\000s\000\040\000e\000\040\000L\000e\000i\000t\000u\000r\000a\000s\000\040\000A\000D\000B}{}% 78
\BOOKMARK [0][-]{appendix.C}{\376\377\000C\000a\000s\000o\000s\000\040\000d\000e\000\040\000T\000e\000s\000t\000e\000\040\000A\000u\000t\000o\000m\000a\000t\000i\000z\000a\000d\000o\000s}{}% 79
\BOOKMARK [1][-]{section.C.1}{\376\377\000A\000n\000\341\000l\000i\000s\000e\000\040\000e\000\040\000E\000s\000t\000a\000t\000\355\000s\000t\000i\000c\000a\000s}{appendix.C}% 80
\BOOKMARK [1][-]{section.C.2}{\376\377\000C\000P\000U\000\040\000e\000\040\000B\000a\000t\000e\000r\000i\000a}{appendix.C}% 81
\BOOKMARK [1][-]{section.C.3}{\376\377\000E\000x\000p\000o\000r\000t\000a\000\347\000\343\000o}{appendix.C}% 82
\BOOKMARK [1][-]{section.C.4}{\376\377\000R\000e\000c\000o\000m\000e\000n\000d\000a\000\347\000\365\000e\000s}{appendix.C}% 83
